<?xml version="1.0" encoding="UTF-8"?>
<testng-results ignored="0" total="2" passed="2" failed="0" skipped="0">
  <reporter-output>
  </reporter-output>
  <suite started-at="2025-02-16T22:07:01 IST" name="Suite" finished-at="2025-02-16T22:07:46 IST" duration-ms="44768">
    <groups>
      <group name="Master">
        <method signature="TC001_AccountRegistrationTest.test_accountregister()[pri:0, instance:testCases.TC001_AccountRegistrationTest@19b93fa8]" name="test_accountregister" class="testCases.TC001_AccountRegistrationTest"/>
        <method signature="TC002_LoginPageTest.logintest()[pri:0, instance:testCases.TC002_LoginPageTest@40238dd0]" name="logintest" class="testCases.TC002_LoginPageTest"/>
      </group> <!-- Master -->
      <group name="Sanity">
        <method signature="TC002_LoginPageTest.logintest()[pri:0, instance:testCases.TC002_LoginPageTest@40238dd0]" name="logintest" class="testCases.TC002_LoginPageTest"/>
      </group> <!-- Sanity -->
      <group name="Regression">
        <method signature="TC001_AccountRegistrationTest.test_accountregister()[pri:0, instance:testCases.TC001_AccountRegistrationTest@19b93fa8]" name="test_accountregister" class="testCases.TC001_AccountRegistrationTest"/>
      </group> <!-- Regression -->
    </groups>
    <test started-at="2025-02-16T22:07:01 IST" name="Test1" finished-at="2025-02-16T22:07:21 IST" duration-ms="19801">
      <class name="testCases.TC001_AccountRegistrationTest">
        <test-method is-config="true" signature="setup(java.lang.String,java.lang.String)[pri:0, instance:testCases.TC001_AccountRegistrationTest@19b93fa8]" started-at="2025-02-16T22:07:02 IST" name="setup" finished-at="2025-02-16T22:07:13 IST" duration-ms="10556" status="PASS">
          <params>
            <param index="0">
              <value>
                <![CDATA[Linux]]>
              </value>
            </param>
            <param index="1">
              <value>
                <![CDATA[chrome]]>
              </value>
            </param>
          </params>
          <reporter-output>
          </reporter-output>
        </test-method> <!-- setup -->
        <test-method signature="test_accountregister()[pri:0, instance:testCases.TC001_AccountRegistrationTest@19b93fa8]" started-at="2025-02-16T22:07:13 IST" name="test_accountregister" finished-at="2025-02-16T22:07:21 IST" duration-ms="8131" status="PASS">
          <reporter-output>
          </reporter-output>
        </test-method> <!-- test_accountregister -->
        <test-method is-config="true" signature="teardown()[pri:0, instance:testCases.TC001_AccountRegistrationTest@19b93fa8]" started-at="2025-02-16T22:07:21 IST" name="teardown" finished-at="2025-02-16T22:07:21 IST" duration-ms="244" status="PASS">
          <reporter-output>
          </reporter-output>
        </test-method> <!-- teardown -->
      </class> <!-- testCases.TC001_AccountRegistrationTest -->
    </test> <!-- Test1 -->
    <test started-at="2025-02-16T22:07:23 IST" name="Test2" finished-at="2025-02-16T22:07:46 IST" duration-ms="22756">
      <class name="testCases.TC002_LoginPageTest">
        <test-method is-config="true" signature="setup(java.lang.String,java.lang.String)[pri:0, instance:testCases.TC002_LoginPageTest@40238dd0]" started-at="2025-02-16T22:07:23 IST" name="setup" finished-at="2025-02-16T22:07:41 IST" duration-ms="17584" status="PASS">
          <params>
            <param index="0">
              <value>
                <![CDATA[Linux]]>
              </value>
            </param>
            <param index="1">
              <value>
                <![CDATA[firefox]]>
              </value>
            </param>
          </params>
          <reporter-output>
          </reporter-output>
        </test-method> <!-- setup -->
        <test-method signature="logintest()[pri:0, instance:testCases.TC002_LoginPageTest@40238dd0]" started-at="2025-02-16T22:07:41 IST" name="logintest" finished-at="2025-02-16T22:07:44 IST" duration-ms="3421" status="PASS">
          <reporter-output>
          </reporter-output>
        </test-method> <!-- logintest -->
        <test-method is-config="true" signature="teardown()[pri:0, instance:testCases.TC002_LoginPageTest@40238dd0]" started-at="2025-02-16T22:07:44 IST" name="teardown" finished-at="2025-02-16T22:07:46 IST" duration-ms="1722" status="PASS">
          <reporter-output>
          </reporter-output>
        </test-method> <!-- teardown -->
      </class> <!-- testCases.TC002_LoginPageTest -->
    </test> <!-- Test2 -->
  </suite> <!-- Suite -->
</testng-results>
